<?xml version="1.0" encoding="UTF-8"?>
<!-- Generated by org.testng.reporters.JUnitReportReporter -->
<testsuite hostname="CamVan" name="org.testng.BigIntegerTest" tests="14" failures="0" timestamp="3 Oct 2016 08:14:07 GMT" time="0.084" errors="0">
  <testcase name="testCreateNegativeBigIntegerFromStringWithLeadingZero" time="0.000" classname="org.testng.BigIntegerTest"/>
  <testcase name="testAdditionWithSmallerIsNegativeValue" time="0.000" classname="org.testng.BigIntegerTest"/>
  <testcase name="testCloneNegativeValue" time="0.015" classname="org.testng.BigIntegerTest"/>
  <testcase name="testConvertToLongWhenNotOverRange" time="0.016" classname="org.testng.BigIntegerTest"/>
  <testcase name="testCreateNegativeBigIntegerFromStringWithAllButUnitZeros" time="0.000" classname="org.testng.BigIntegerTest"/>
  <testcase name="testAdditionTwoNegativeValue" time="0.031" classname="org.testng.BigIntegerTest"/>
  <testcase name="testCreateNegativeBigIntegerFromInt" time="0.000" classname="org.testng.BigIntegerTest"/>
  <testcase name="testEquality" time="0.000" classname="org.testng.BigIntegerTest"/>
  <testcase name="testSubtractionWithSmallerIsNegativeValue" time="0.000" classname="org.testng.BigIntegerTest"/>
  <testcase name="testUnEquality" time="0.016" classname="org.testng.BigIntegerTest"/>
  <testcase name="testSubtractionTwoNegativeValue" time="0.000" classname="org.testng.BigIntegerTest"/>
  <testcase name="testCompareNegativeValue" time="0.000" classname="org.testng.BigIntegerTest"/>
  <testcase name="testAdditionWithGreaterIsNegativeValue" time="0.004" classname="org.testng.BigIntegerTest"/>
  <testcase name="testSubtractionWithGreaterIsNegativeValue" time="0.002" classname="org.testng.BigIntegerTest"/>
</testsuite> <!-- org.testng.BigIntegerTest -->
